Unity Editor version:    2020.3.20f1 (41c4e627c95f)
Branch:                  2020.3/staging
Build type:              Release
Batch mode:              YES
macOS version:           Version 11.6 (Build 20G165)
Darwin version:          20.6.0
Architecture:            x86_64
Running under Rosetta:   NO
Available memory:        16384 MB
Using pre-set license
Pro License: NO

COMMAND LINE ARGUMENTS:
/Applications/Unity/Hub/Editor/2020.3.20f1/Unity.app/Contents/MacOS/Unity
-adb2
-batchMode
-noUpm
-name
AssetImportWorker0
-projectPath
/Users/Shared/Unity/PaintSplat1
-logFile
Logs/AssetImportWorker0.log
-srvPort
55025
Successfully changed project path to: /Users/Shared/Unity/PaintSplat1
/Users/Shared/Unity/PaintSplat1
Using Asset Import Pipeline V2.
Refreshing native plugins compatible for Editor in 57.07 ms, found 3 plugins.
Preloading 0 native plugins for Editor in 0.00 ms.
Initialize engine version: 2020.3.20f1 (41c4e627c95f)
[Subsystems] Discovering subsystems at path /Applications/Unity/Hub/Editor/2020.3.20f1/Unity.app/Contents/Resources/UnitySubsystems
[Subsystems] Discovering subsystems at path /Users/Shared/Unity/PaintSplat1/Assets
GfxDevice: creating device client; threaded=0
2021-10-11 11:30:50.573 Unity[58486:29902462] Color LCD preferred device: AMD Radeon R9 M370X (high power)
2021-10-11 11:30:50.573 Unity[58486:29902462] Metal devices available: 2
2021-10-11 11:30:50.574 Unity[58486:29902462] 0: AMD Radeon R9 M370X (high power)
2021-10-11 11:30:50.574 Unity[58486:29902462] 1: Intel Iris Pro Graphics (low power)
2021-10-11 11:30:50.574 Unity[58486:29902462] Using device AMD Radeon R9 M370X (high power)
Initializing Metal device caps: AMD Radeon R9 M370X
Initialize mono
Mono path[0] = '/Applications/Unity/Hub/Editor/2020.3.20f1/Unity.app/Contents/Managed'
Mono path[1] = '/Applications/Unity/Hub/Editor/2020.3.20f1/Unity.app/Contents/MonoBleedingEdge/lib/mono/unityjit'
Mono config path = '/Applications/Unity/Hub/Editor/2020.3.20f1/Unity.app/Contents/MonoBleedingEdge/etc'
Using monoOptions --debugger-agent=transport=dt_socket,embedding=1,server=y,suspend=n,address=127.0.0.1:56486
Begin MonoManager ReloadAssembly
Registering precompiled unity dll's ...
Register platform support module: /Applications/Unity/Hub/Editor/2020.3.20f1/PlaybackEngines/WebGLSupport/UnityEditor.WebGL.Extensions.dll
Register platform support module: /Applications/Unity/Hub/Editor/2020.3.20f1/Unity.app/Contents/PlaybackEngines/MacStandaloneSupport/UnityEditor.OSXStandalone.Extensions.dll
Register platform support module: /Applications/Unity/Hub/Editor/2020.3.20f1/PlaybackEngines/WindowsStandaloneSupport/UnityEditor.WindowsStandalone.Extensions.dll
Registered in 0.000981 seconds.
Native extension for WindowsStandalone target not found
Native extension for OSXStandalone target not found
Native extension for WebGL target not found
Refreshing native plugins compatible for Editor in 58.47 ms, found 3 plugins.
Preloading 0 native plugins for Editor in 0.00 ms.
Mono: successfully reloaded assembly
- Completed reload, in  2.876 seconds
Domain Reload Profiling:
	ReloadAssembly (2876ms)
		BeginReloadAssembly (54ms)
			ExecutionOrderSort (0ms)
			DisableScriptedObjects (0ms)
			BackupInstance (0ms)
			ReleaseScriptingObjects (0ms)
			CreateAndSetChildDomain (1ms)
		EndReloadAssembly (668ms)
			LoadAssemblies (53ms)
			RebuildTransferFunctionScriptingTraits (0ms)
			SetupTypeCache (263ms)
			ReleaseScriptCaches (0ms)
			RebuildScriptCaches (52ms)
			SetupLoadedEditorAssemblies (282ms)
				LogAssemblyErrors (0ms)
				InitializePlatformSupportModulesInManaged (7ms)
				SetLoadedEditorAssemblies (0ms)
				RefreshPlugins (59ms)
				BeforeProcessingInitializeOnLoad (34ms)
				ProcessInitializeOnLoadAttributes (139ms)
				ProcessInitializeOnLoadMethodAttributes (42ms)
				AfterProcessingInitializeOnLoad (0ms)
				EditorAssembliesLoaded (0ms)
			ExecutionOrderSort2 (0ms)
			AwakeInstancesAfterBackupRestoration (0ms)
Platform modules already initialized, skipping
Registering precompiled user dll's ...
Registered in 0.002510 seconds.
Begin MonoManager ReloadAssembly
Native extension for WindowsStandalone target not found
Native extension for OSXStandalone target not found
Native extension for WebGL target not found
Refreshing native plugins compatible for Editor in 56.63 ms, found 3 plugins.
Preloading 0 native plugins for Editor in 0.00 ms.
Mono: successfully reloaded assembly
- Completed reload, in  1.672 seconds
Domain Reload Profiling:
	ReloadAssembly (1673ms)
		BeginReloadAssembly (220ms)
			ExecutionOrderSort (0ms)
			DisableScriptedObjects (7ms)
			BackupInstance (0ms)
			ReleaseScriptingObjects (0ms)
			CreateAndSetChildDomain (47ms)
		EndReloadAssembly (1359ms)
			LoadAssemblies (105ms)
			RebuildTransferFunctionScriptingTraits (0ms)
			SetupTypeCache (493ms)
			ReleaseScriptCaches (1ms)
			RebuildScriptCaches (86ms)
			SetupLoadedEditorAssemblies (496ms)
				LogAssemblyErrors (0ms)
				InitializePlatformSupportModulesInManaged (7ms)
				SetLoadedEditorAssemblies (0ms)
				RefreshPlugins (57ms)
				BeforeProcessingInitializeOnLoad (98ms)
				ProcessInitializeOnLoadAttributes (315ms)
				ProcessInitializeOnLoadMethodAttributes (17ms)
				AfterProcessingInitializeOnLoad (2ms)
				EditorAssembliesLoaded (0ms)
			ExecutionOrderSort2 (0ms)
			AwakeInstancesAfterBackupRestoration (10ms)
Platform modules already initialized, skipping
Validating Project structure ... 0.008083 seconds.
Shader import version has changed; will reimport all shaders...
Upgrading shader files ...0.011084 seconds.
Application.AssetDatabase Initial Script Refresh Start
RefreshInfo: InitialScriptRefreshV2(NoUpdateAssetOptions) scanfilter:  ... 1 filters
RefreshProfiler: Total: 0.000ms
Application.AssetDatabase Initial Script Refresh End
Application.AssetDatabase.Refresh Start
Application.AssetDatabase.Refresh End
RefreshInfo: StopAssetImportingV2(ForceSynchronousImport) scanfilter: 
RefreshProfiler: Total: 0.000ms
Launching external process: /Applications/Unity/Hub/Editor/2020.3.20f1/Unity.app/Contents/Tools/UnityShaderCompiler
Launched and connected shader compiler UnityShaderCompiler after 0.01 seconds
Initializing Unity extensions:
========================================================================
Worker process is ready to serve import requests
Refreshing native plugins compatible for Editor in 0.63 ms, found 3 plugins.
Preloading 0 native plugins for Editor in 0.00 ms.
Unloading 2302 Unused Serialized files (Serialized files now loaded: 0)
System memory in use before: 204.7 MB.
System memory in use after: 204.0 MB.

Unloading 245 unused Assets to reduce memory usage. Loaded Objects now: 2776.
Total: 5.223472 ms (FindLiveObjects: 0.434172 ms CreateObjectMapping: 0.265438 ms MarkObjects: 3.886395 ms  DeleteObjects: 0.636110 ms)

AssetImportParameters requested are different than current active one (requested -> active):
  custom:video-decoder-ogg-theora: a1e56fd34408186e4bbccfd4996cb3dc -> 
  custom:container-muxer-webm: aa71ff27fc2769a1b78a27578f13a17b -> 
  custom:container-demuxer-webm: 4f35f7cbe854078d1ac9338744f61a02 -> 
  custom:container-demuxer-ogg: 62fdf1f143b41e24485cea50d1cbac27 -> 
  custom:video-encoder-webm-vp8: eb34c28f22e8b96e1ab97ce403110664 -> 
  custom:framework-osx-AVFoundation: e770b220cccbd017edd2c1fefb359320 -> 
  custom:video-decoder-webm-vp8: 9c59270c3fd7afecdb556c50c9e8de78 -> 
  custom:audio-decoder-ogg-vorbis: bf7c407c2cedff20999df2af8eb42d56 -> 
  custom:audio-encoder-webm-vorbis: bf7c407c2cedff20999df2af8eb42d56 -> 
========================================================================
Received Import Request.
  path: Assets/Photon/PhotonUnityNetworking/Resources/PhotonServerSettings.asset
  artifactKey: Guid(2768a9c743d204cdb80485bf54433fa5) Importer(815301076,1909f56bfc062723c751e8b465ee728b)
Start importing Assets/Photon/PhotonUnityNetworking/Resources/PhotonServerSettings.asset using Guid(2768a9c743d204cdb80485bf54433fa5) Importer(815301076,1909f56bfc062723c751e8b465ee728b)  -> (artifact id: '518b64b364b2c2b2056bf7538ce5e5bf') in 0.892121 seconds 
  Import took 0.896806 seconds .

========================================================================
Received Import Request.
  Time since last request: 16.808481 seconds.
  path: Assets/Scripts
  artifactKey: Guid(22d957d90db3840e589bf3574135ea26) Importer(815301076,1909f56bfc062723c751e8b465ee728b)
Start importing Assets/Scripts using Guid(22d957d90db3840e589bf3574135ea26) Importer(815301076,1909f56bfc062723c751e8b465ee728b)  -> (artifact id: '3fe9ad49e2fe6a516d4137eb4ea0f0b9') in 0.003291 seconds 
  Import took 0.007514 seconds .

========================================================================
Received Prepare
Registering precompiled user dll's ...
Registered in 0.002009 seconds.
Begin MonoManager ReloadAssembly
Native extension for WindowsStandalone target not found
Native extension for OSXStandalone target not found
Native extension for WebGL target not found
Refreshing native plugins compatible for Editor in 0.62 ms, found 3 plugins.
Preloading 0 native plugins for Editor in 0.00 ms.
Mono: successfully reloaded assembly
Could not load PhotonServerSettings to update RPCs.
UnityEngine.StackTraceUtility:ExtractStackTrace () (at /Users/bokken/buildslave/unity/build/Runtime/Export/Scripting/StackTrace.cs:37)
UnityEngine.DebugLogHandler:LogFormat (UnityEngine.LogType,UnityEngine.Object,string,object[])
UnityEngine.Logger:Log (UnityEngine.LogType,object)
UnityEngine.Debug:LogError (object)
Photon.Pun.PhotonEditor:UpdateRpcList () (at Assets/Photon/PhotonUnityNetworking/Code/Editor/PhotonEditor.cs:661)
Photon.Pun.PhotonEditor:OnDidReloadScripts () (at Assets/Photon/PhotonUnityNetworking/Code/Editor/PhotonEditor.cs:187)

(Filename: Assets/Photon/PhotonUnityNetworking/Code/Editor/PhotonEditor.cs Line: 661)

- Completed reload, in  1.558 seconds
Domain Reload Profiling:
	ReloadAssembly (1559ms)
		BeginReloadAssembly (162ms)
			ExecutionOrderSort (0ms)
			DisableScriptedObjects (8ms)
			BackupInstance (0ms)
			ReleaseScriptingObjects (0ms)
			CreateAndSetChildDomain (90ms)
		EndReloadAssembly (1314ms)
			LoadAssemblies (90ms)
			RebuildTransferFunctionScriptingTraits (0ms)
			SetupTypeCache (492ms)
			ReleaseScriptCaches (1ms)
			RebuildScriptCaches (74ms)
			SetupLoadedEditorAssemblies (468ms)
				LogAssemblyErrors (0ms)
				InitializePlatformSupportModulesInManaged (9ms)
				SetLoadedEditorAssemblies (1ms)
				RefreshPlugins (1ms)
				BeforeProcessingInitializeOnLoad (161ms)
				ProcessInitializeOnLoadAttributes (286ms)
				ProcessInitializeOnLoadMethodAttributes (8ms)
				AfterProcessingInitializeOnLoad (2ms)
				EditorAssembliesLoaded (0ms)
			ExecutionOrderSort2 (0ms)
			AwakeInstancesAfterBackupRestoration (15ms)
Platform modules already initialized, skipping
Refreshing native plugins compatible for Editor in 0.55 ms, found 3 plugins.
Preloading 0 native plugins for Editor in 0.00 ms.
Unloading 2293 Unused Serialized files (Serialized files now loaded: 0)
System memory in use before: 206.8 MB.
System memory in use after: 207.0 MB.

Unloading 20 unused Assets to reduce memory usage. Loaded Objects now: 2782.
Total: 4.107419 ms (FindLiveObjects: 0.290366 ms CreateObjectMapping: 0.099853 ms MarkObjects: 3.687737 ms  DeleteObjects: 0.028076 ms)

AssetImportParameters requested are different than current active one (requested -> active):
  custom:video-decoder-ogg-theora: a1e56fd34408186e4bbccfd4996cb3dc -> 
  custom:container-muxer-webm: aa71ff27fc2769a1b78a27578f13a17b -> 
  custom:container-demuxer-webm: 4f35f7cbe854078d1ac9338744f61a02 -> 
  custom:container-demuxer-ogg: 62fdf1f143b41e24485cea50d1cbac27 -> 
  custom:video-encoder-webm-vp8: eb34c28f22e8b96e1ab97ce403110664 -> 
  custom:framework-osx-AVFoundation: e770b220cccbd017edd2c1fefb359320 -> 
  custom:video-decoder-webm-vp8: 9c59270c3fd7afecdb556c50c9e8de78 -> 
  custom:audio-decoder-ogg-vorbis: bf7c407c2cedff20999df2af8eb42d56 -> 
  custom:audio-encoder-webm-vorbis: bf7c407c2cedff20999df2af8eb42d56 -> 
========================================================================
Received Import Request.
  Time since last request: 110.162806 seconds.
  path: Assets/Free UI build package/Prefabs
  artifactKey: Guid(6054b74220cb44f08b0b5611e43b9037) Importer(815301076,1909f56bfc062723c751e8b465ee728b)
Start importing Assets/Free UI build package/Prefabs using Guid(6054b74220cb44f08b0b5611e43b9037) Importer(815301076,1909f56bfc062723c751e8b465ee728b)  -> (artifact id: '26743f1d4e81d4df85430967e19b31f7') in 0.006258 seconds 
  Import took 0.010386 seconds .

========================================================================
Received Import Request.
  Time since last request: 0.995594 seconds.
  path: Assets/Free UI build package/Prefabs/Gray
  artifactKey: Guid(fbaca1885395f40cc9c41ae699309aeb) Importer(815301076,1909f56bfc062723c751e8b465ee728b)
Start importing Assets/Free UI build package/Prefabs/Gray using Guid(fbaca1885395f40cc9c41ae699309aeb) Importer(815301076,1909f56bfc062723c751e8b465ee728b)  -> (artifact id: 'cba8b66398431f4c6335f1305283f11a') in 0.002630 seconds 
  Import took 0.007948 seconds .

========================================================================
Received Import Request.
  Time since last request: 5.584622 seconds.
  path: Assets/Free UI build package/Prefabs/Gray/Miscellaneous
  artifactKey: Guid(2a41870a23075441393f772bc73ee8cd) Importer(815301076,1909f56bfc062723c751e8b465ee728b)
Start importing Assets/Free UI build package/Prefabs/Gray/Miscellaneous using Guid(2a41870a23075441393f772bc73ee8cd) Importer(815301076,1909f56bfc062723c751e8b465ee728b)  -> (artifact id: '41d119fb3021d30db1bdd3f5c870624a') in 0.001296 seconds 
  Import took 0.005847 seconds .

========================================================================
Received Import Request.
  Time since last request: 0.049886 seconds.
  path: Assets/Free UI build package/Prefabs/Gray/Miscellaneous/BackGround.prefab
  artifactKey: Guid(15829edc33463431b8159c8b5b8c35f4) Importer(815301076,1909f56bfc062723c751e8b465ee728b)
Start importing Assets/Free UI build package/Prefabs/Gray/Miscellaneous/BackGround.prefab using Guid(15829edc33463431b8159c8b5b8c35f4) Importer(815301076,1909f56bfc062723c751e8b465ee728b)  -> (artifact id: 'f65ed11968ad01fe3b9609c6dd1677f1') in 0.364506 seconds 
  Import took 0.369574 seconds .

========================================================================
Received Import Request.
  Time since last request: 0.002360 seconds.
  path: Assets/Free UI build package/Prefabs/Gray/Miscellaneous/Frame1.prefab
  artifactKey: Guid(04f6fe204b34b43428896240ebb8743b) Importer(815301076,1909f56bfc062723c751e8b465ee728b)
Start importing Assets/Free UI build package/Prefabs/Gray/Miscellaneous/Frame1.prefab using Guid(04f6fe204b34b43428896240ebb8743b) Importer(815301076,1909f56bfc062723c751e8b465ee728b)  -> (artifact id: 'b59dee851a1f21dcf592e5f21f30214e') in 0.004702 seconds 
  Import took 0.008833 seconds .

========================================================================
Received Import Request.
  Time since last request: 0.000249 seconds.
  path: Assets/Free UI build package/Prefabs/Gray/Miscellaneous/Gem_1.prefab
  artifactKey: Guid(b7d4288a6be97486fa077caf36d7e24a) Importer(815301076,1909f56bfc062723c751e8b465ee728b)
Start importing Assets/Free UI build package/Prefabs/Gray/Miscellaneous/Gem_1.prefab using Guid(b7d4288a6be97486fa077caf36d7e24a) Importer(815301076,1909f56bfc062723c751e8b465ee728b)  -> (artifact id: '97fb5ad00c141712600c18bedb10cdcd') in 0.004157 seconds 
  Import took 0.007864 seconds .

========================================================================
Received Import Request.
  Time since last request: 0.000270 seconds.
  path: Assets/Free UI build package/Prefabs/Gray/Miscellaneous/Frame_2.prefab
  artifactKey: Guid(21c03fded03f94d46a8e962c9be8eb64) Importer(815301076,1909f56bfc062723c751e8b465ee728b)
Start importing Assets/Free UI build package/Prefabs/Gray/Miscellaneous/Frame_2.prefab using Guid(21c03fded03f94d46a8e962c9be8eb64) Importer(815301076,1909f56bfc062723c751e8b465ee728b)  -> (artifact id: '905e1d462a24cedc0f889aa05669aa84') in 0.004902 seconds 
  Import took 0.008585 seconds .

========================================================================
Received Import Request.
  Time since last request: 0.000211 seconds.
  path: Assets/Free UI build package/Prefabs/Gray/Miscellaneous/Rod2.prefab
  artifactKey: Guid(3d64b187c27af4c4d95fcfa2b8bf91b5) Importer(815301076,1909f56bfc062723c751e8b465ee728b)
Start importing Assets/Free UI build package/Prefabs/Gray/Miscellaneous/Rod2.prefab using Guid(3d64b187c27af4c4d95fcfa2b8bf91b5) Importer(815301076,1909f56bfc062723c751e8b465ee728b)  -> (artifact id: '26c782218bf720fdf84274bcfe2f2afb') in 0.004629 seconds 
  Import took 0.008552 seconds .

========================================================================
Received Import Request.
  Time since last request: 0.000220 seconds.
  path: Assets/Free UI build package/Prefabs/Gray/Miscellaneous/Corner.prefab
  artifactKey: Guid(64e6e55d836204be7a3c18cf522e97ba) Importer(815301076,1909f56bfc062723c751e8b465ee728b)
Start importing Assets/Free UI build package/Prefabs/Gray/Miscellaneous/Corner.prefab using Guid(64e6e55d836204be7a3c18cf522e97ba) Importer(815301076,1909f56bfc062723c751e8b465ee728b)  -> (artifact id: 'de6a3e7d89e95c73c10661f8345ee727') in 0.004132 seconds 
  Import took 0.007576 seconds .

========================================================================
Received Import Request.
  Time since last request: 0.000237 seconds.
  path: Assets/Free UI build package/Prefabs/Gray/Miscellaneous/Rod3.prefab
  artifactKey: Guid(cb2501e8890a6418d867d2c7159ffc5a) Importer(815301076,1909f56bfc062723c751e8b465ee728b)
Start importing Assets/Free UI build package/Prefabs/Gray/Miscellaneous/Rod3.prefab using Guid(cb2501e8890a6418d867d2c7159ffc5a) Importer(815301076,1909f56bfc062723c751e8b465ee728b)  -> (artifact id: '3c21ff422ca4241814d4ec9bad333d25') in 0.004442 seconds 
  Import took 0.008046 seconds .

========================================================================
Received Import Request.
  Time since last request: 0.000223 seconds.
  path: Assets/Free UI build package/Prefabs/Gray/Miscellaneous/Gem_2.prefab
  artifactKey: Guid(86f00dcf68d934d01b45177b5da333c5) Importer(815301076,1909f56bfc062723c751e8b465ee728b)
Start importing Assets/Free UI build package/Prefabs/Gray/Miscellaneous/Gem_2.prefab using Guid(86f00dcf68d934d01b45177b5da333c5) Importer(815301076,1909f56bfc062723c751e8b465ee728b)  -> (artifact id: '8eb738ff570cf0965259cb9832bedbd6') in 0.003347 seconds 
  Import took 0.007107 seconds .

========================================================================
Received Import Request.
  Time since last request: 0.000262 seconds.
  path: Assets/Free UI build package/Prefabs/Gray/Miscellaneous/Rod1.prefab
  artifactKey: Guid(d29ce1ad2cab14377a0825f14c647204) Importer(815301076,1909f56bfc062723c751e8b465ee728b)
Start importing Assets/Free UI build package/Prefabs/Gray/Miscellaneous/Rod1.prefab using Guid(d29ce1ad2cab14377a0825f14c647204) Importer(815301076,1909f56bfc062723c751e8b465ee728b)  -> (artifact id: '537e17b4d225386d59dd470e36ccc1ab') in 0.003448 seconds 
  Import took 0.007813 seconds .

========================================================================
Received Import Request.
  Time since last request: 370.656698 seconds.
  path: Assets/Scripts/ConnectToServer.cs
  artifactKey: Guid(09d5557608c97401f83bf9a979d6782c) Importer(815301076,1909f56bfc062723c751e8b465ee728b)
Start importing Assets/Scripts/ConnectToServer.cs using Guid(09d5557608c97401f83bf9a979d6782c) Importer(815301076,1909f56bfc062723c751e8b465ee728b)  -> (artifact id: 'cea54bcba3f01ede775ecb76f8698d80') in 0.372808 seconds 
  Import took 0.377076 seconds .

========================================================================
Received Prepare
Registering precompiled user dll's ...
Registered in 0.002092 seconds.
Begin MonoManager ReloadAssembly
Native extension for WindowsStandalone target not found
Native extension for OSXStandalone target not found
Native extension for WebGL target not found
Refreshing native plugins compatible for Editor in 0.62 ms, found 3 plugins.
Preloading 0 native plugins for Editor in 0.00 ms.
Mono: successfully reloaded assembly
Could not load PhotonServerSettings to update RPCs.
UnityEngine.StackTraceUtility:ExtractStackTrace () (at /Users/bokken/buildslave/unity/build/Runtime/Export/Scripting/StackTrace.cs:37)
UnityEngine.DebugLogHandler:LogFormat (UnityEngine.LogType,UnityEngine.Object,string,object[])
UnityEngine.Logger:Log (UnityEngine.LogType,object)
UnityEngine.Debug:LogError (object)
Photon.Pun.PhotonEditor:UpdateRpcList () (at Assets/Photon/PhotonUnityNetworking/Code/Editor/PhotonEditor.cs:661)
Photon.Pun.PhotonEditor:OnDidReloadScripts () (at Assets/Photon/PhotonUnityNetworking/Code/Editor/PhotonEditor.cs:187)

(Filename: Assets/Photon/PhotonUnityNetworking/Code/Editor/PhotonEditor.cs Line: 661)

- Completed reload, in  1.458 seconds
Domain Reload Profiling:
	ReloadAssembly (1459ms)
		BeginReloadAssembly (167ms)
			ExecutionOrderSort (0ms)
			DisableScriptedObjects (8ms)
			BackupInstance (0ms)
			ReleaseScriptingObjects (0ms)
			CreateAndSetChildDomain (92ms)
		EndReloadAssembly (1207ms)
			LoadAssemblies (98ms)
			RebuildTransferFunctionScriptingTraits (0ms)
			SetupTypeCache (452ms)
			ReleaseScriptCaches (1ms)
			RebuildScriptCaches (64ms)
			SetupLoadedEditorAssemblies (437ms)
				LogAssemblyErrors (0ms)
				InitializePlatformSupportModulesInManaged (7ms)
				SetLoadedEditorAssemblies (1ms)
				RefreshPlugins (1ms)
				BeforeProcessingInitializeOnLoad (150ms)
				ProcessInitializeOnLoadAttributes (269ms)
				ProcessInitializeOnLoadMethodAttributes (7ms)
				AfterProcessingInitializeOnLoad (2ms)
				EditorAssembliesLoaded (0ms)
			ExecutionOrderSort2 (0ms)
			AwakeInstancesAfterBackupRestoration (14ms)
Platform modules already initialized, skipping
Refreshing native plugins compatible for Editor in 0.59 ms, found 3 plugins.
Preloading 0 native plugins for Editor in 0.00 ms.
Unloading 2294 Unused Serialized files (Serialized files now loaded: 0)
System memory in use before: 215.8 MB.
System memory in use after: 216.0 MB.

Unloading 19 unused Assets to reduce memory usage. Loaded Objects now: 2786.
Total: 4.072591 ms (FindLiveObjects: 0.248382 ms CreateObjectMapping: 0.095669 ms MarkObjects: 3.701933 ms  DeleteObjects: 0.025245 ms)

AssetImportParameters requested are different than current active one (requested -> active):
  custom:video-decoder-ogg-theora: a1e56fd34408186e4bbccfd4996cb3dc -> 
  custom:container-muxer-webm: aa71ff27fc2769a1b78a27578f13a17b -> 
  custom:container-demuxer-webm: 4f35f7cbe854078d1ac9338744f61a02 -> 
  custom:container-demuxer-ogg: 62fdf1f143b41e24485cea50d1cbac27 -> 
  custom:video-encoder-webm-vp8: eb34c28f22e8b96e1ab97ce403110664 -> 
  custom:framework-osx-AVFoundation: e770b220cccbd017edd2c1fefb359320 -> 
  custom:video-decoder-webm-vp8: 9c59270c3fd7afecdb556c50c9e8de78 -> 
  custom:audio-decoder-ogg-vorbis: bf7c407c2cedff20999df2af8eb42d56 -> 
  custom:audio-encoder-webm-vorbis: bf7c407c2cedff20999df2af8eb42d56 -> 
========================================================================
Received Import Request.
  Time since last request: 171.812917 seconds.
  path: Assets/Scenes/Loading.unity
  artifactKey: Guid(6c2ef031284224b178cd91dc28f30576) Importer(815301076,1909f56bfc062723c751e8b465ee728b)
Start importing Assets/Scenes/Loading.unity using Guid(6c2ef031284224b178cd91dc28f30576) Importer(815301076,1909f56bfc062723c751e8b465ee728b)  -> (artifact id: '7d62ef16b697ac1c227c1e377f6dd749') in 0.016810 seconds 
  Import took 0.022137 seconds .

========================================================================
Received Import Request.
  Time since last request: 76.538744 seconds.
  path: Assets/Scenes/Lobby.unity
  artifactKey: Guid(6964f4595a6324c5ba365728e3739068) Importer(815301076,1909f56bfc062723c751e8b465ee728b)
Start importing Assets/Scenes/Lobby.unity using Guid(6964f4595a6324c5ba365728e3739068) Importer(815301076,1909f56bfc062723c751e8b465ee728b)  -> (artifact id: '2279544be371ad6586875ef26978173b') in 0.003545 seconds 
  Import took 0.007454 seconds .

========================================================================
Received Prepare
Registering precompiled user dll's ...
Registered in 0.002196 seconds.
Begin MonoManager ReloadAssembly
Native extension for WindowsStandalone target not found
Native extension for OSXStandalone target not found
Native extension for WebGL target not found
Refreshing native plugins compatible for Editor in 0.62 ms, found 3 plugins.
Preloading 0 native plugins for Editor in 0.00 ms.
Mono: successfully reloaded assembly
Could not load PhotonServerSettings to update RPCs.
UnityEngine.StackTraceUtility:ExtractStackTrace () (at /Users/bokken/buildslave/unity/build/Runtime/Export/Scripting/StackTrace.cs:37)
UnityEngine.DebugLogHandler:LogFormat (UnityEngine.LogType,UnityEngine.Object,string,object[])
UnityEngine.Logger:Log (UnityEngine.LogType,object)
UnityEngine.Debug:LogError (object)
Photon.Pun.PhotonEditor:UpdateRpcList () (at Assets/Photon/PhotonUnityNetworking/Code/Editor/PhotonEditor.cs:661)
Photon.Pun.PhotonEditor:OnDidReloadScripts () (at Assets/Photon/PhotonUnityNetworking/Code/Editor/PhotonEditor.cs:187)

(Filename: Assets/Photon/PhotonUnityNetworking/Code/Editor/PhotonEditor.cs Line: 661)

- Completed reload, in  1.448 seconds
Domain Reload Profiling:
	ReloadAssembly (1448ms)
		BeginReloadAssembly (166ms)
			ExecutionOrderSort (0ms)
			DisableScriptedObjects (8ms)
			BackupInstance (0ms)
			ReleaseScriptingObjects (0ms)
			CreateAndSetChildDomain (92ms)
		EndReloadAssembly (1199ms)
			LoadAssemblies (95ms)
			RebuildTransferFunctionScriptingTraits (0ms)
			SetupTypeCache (450ms)
			ReleaseScriptCaches (1ms)
			RebuildScriptCaches (66ms)
			SetupLoadedEditorAssemblies (424ms)
				LogAssemblyErrors (0ms)
				InitializePlatformSupportModulesInManaged (8ms)
				SetLoadedEditorAssemblies (1ms)
				RefreshPlugins (1ms)
				BeforeProcessingInitializeOnLoad (146ms)
				ProcessInitializeOnLoadAttributes (260ms)
				ProcessInitializeOnLoadMethodAttributes (7ms)
				AfterProcessingInitializeOnLoad (2ms)
				EditorAssembliesLoaded (0ms)
			ExecutionOrderSort2 (0ms)
			AwakeInstancesAfterBackupRestoration (14ms)
Platform modules already initialized, skipping
Refreshing native plugins compatible for Editor in 0.61 ms, found 3 plugins.
Preloading 0 native plugins for Editor in 0.00 ms.
Unloading 2295 Unused Serialized files (Serialized files now loaded: 0)
System memory in use before: 216.0 MB.
System memory in use after: 216.3 MB.

Unloading 19 unused Assets to reduce memory usage. Loaded Objects now: 2790.
Total: 4.481601 ms (FindLiveObjects: 0.342315 ms CreateObjectMapping: 0.237512 ms MarkObjects: 3.875426 ms  DeleteObjects: 0.025331 ms)

AssetImportParameters requested are different than current active one (requested -> active):
  custom:video-decoder-ogg-theora: a1e56fd34408186e4bbccfd4996cb3dc -> 
  custom:container-muxer-webm: aa71ff27fc2769a1b78a27578f13a17b -> 
  custom:container-demuxer-webm: 4f35f7cbe854078d1ac9338744f61a02 -> 
  custom:container-demuxer-ogg: 62fdf1f143b41e24485cea50d1cbac27 -> 
  custom:video-encoder-webm-vp8: eb34c28f22e8b96e1ab97ce403110664 -> 
  custom:framework-osx-AVFoundation: e770b220cccbd017edd2c1fefb359320 -> 
  custom:video-decoder-webm-vp8: 9c59270c3fd7afecdb556c50c9e8de78 -> 
  custom:audio-decoder-ogg-vorbis: bf7c407c2cedff20999df2af8eb42d56 -> 
  custom:audio-encoder-webm-vorbis: bf7c407c2cedff20999df2af8eb42d56 -> 
========================================================================
Received Prepare
Registering precompiled user dll's ...
Registered in 0.002052 seconds.
Begin MonoManager ReloadAssembly
Native extension for WindowsStandalone target not found
Native extension for OSXStandalone target not found
Native extension for WebGL target not found
Refreshing native plugins compatible for Editor in 0.63 ms, found 3 plugins.
Preloading 0 native plugins for Editor in 0.00 ms.
Mono: successfully reloaded assembly
Could not load PhotonServerSettings to update RPCs.
UnityEngine.StackTraceUtility:ExtractStackTrace () (at /Users/bokken/buildslave/unity/build/Runtime/Export/Scripting/StackTrace.cs:37)
UnityEngine.DebugLogHandler:LogFormat (UnityEngine.LogType,UnityEngine.Object,string,object[])
UnityEngine.Logger:Log (UnityEngine.LogType,object)
UnityEngine.Debug:LogError (object)
Photon.Pun.PhotonEditor:UpdateRpcList () (at Assets/Photon/PhotonUnityNetworking/Code/Editor/PhotonEditor.cs:661)
Photon.Pun.PhotonEditor:OnDidReloadScripts () (at Assets/Photon/PhotonUnityNetworking/Code/Editor/PhotonEditor.cs:187)

(Filename: Assets/Photon/PhotonUnityNetworking/Code/Editor/PhotonEditor.cs Line: 661)

- Completed reload, in  1.480 seconds
Domain Reload Profiling:
	ReloadAssembly (1480ms)
		BeginReloadAssembly (158ms)
			ExecutionOrderSort (0ms)
			DisableScriptedObjects (8ms)
			BackupInstance (0ms)
			ReleaseScriptingObjects (0ms)
			CreateAndSetChildDomain (87ms)
		EndReloadAssembly (1239ms)
			LoadAssemblies (96ms)
			RebuildTransferFunctionScriptingTraits (0ms)
			SetupTypeCache (449ms)
			ReleaseScriptCaches (1ms)
			RebuildScriptCaches (65ms)
			SetupLoadedEditorAssemblies (459ms)
				LogAssemblyErrors (0ms)
				InitializePlatformSupportModulesInManaged (8ms)
				SetLoadedEditorAssemblies (1ms)
				RefreshPlugins (1ms)
				BeforeProcessingInitializeOnLoad (164ms)
				ProcessInitializeOnLoadAttributes (277ms)
				ProcessInitializeOnLoadMethodAttributes (7ms)
				AfterProcessingInitializeOnLoad (2ms)
				EditorAssembliesLoaded (0ms)
			ExecutionOrderSort2 (0ms)
			AwakeInstancesAfterBackupRestoration (14ms)
Platform modules already initialized, skipping
Refreshing native plugins compatible for Editor in 0.60 ms, found 3 plugins.
Preloading 0 native plugins for Editor in 0.00 ms.
Unloading 2295 Unused Serialized files (Serialized files now loaded: 0)
System memory in use before: 216.3 MB.
System memory in use after: 216.5 MB.

Unloading 19 unused Assets to reduce memory usage. Loaded Objects now: 2793.
Total: 4.033884 ms (FindLiveObjects: 0.297648 ms CreateObjectMapping: 0.102418 ms MarkObjects: 3.610609 ms  DeleteObjects: 0.021922 ms)

AssetImportParameters requested are different than current active one (requested -> active):
  custom:video-decoder-ogg-theora: a1e56fd34408186e4bbccfd4996cb3dc -> 
  custom:container-muxer-webm: aa71ff27fc2769a1b78a27578f13a17b -> 
  custom:container-demuxer-webm: 4f35f7cbe854078d1ac9338744f61a02 -> 
  custom:container-demuxer-ogg: 62fdf1f143b41e24485cea50d1cbac27 -> 
  custom:video-encoder-webm-vp8: eb34c28f22e8b96e1ab97ce403110664 -> 
  custom:framework-osx-AVFoundation: e770b220cccbd017edd2c1fefb359320 -> 
  custom:video-decoder-webm-vp8: 9c59270c3fd7afecdb556c50c9e8de78 -> 
  custom:audio-decoder-ogg-vorbis: bf7c407c2cedff20999df2af8eb42d56 -> 
  custom:audio-encoder-webm-vorbis: bf7c407c2cedff20999df2af8eb42d56 -> 
========================================================================
Received Prepare
Registering precompiled user dll's ...
Registered in 0.001940 seconds.
Begin MonoManager ReloadAssembly
Native extension for WindowsStandalone target not found
Native extension for OSXStandalone target not found
Native extension for WebGL target not found
Refreshing native plugins compatible for Editor in 0.60 ms, found 3 plugins.
Preloading 0 native plugins for Editor in 0.00 ms.
Mono: successfully reloaded assembly
Could not load PhotonServerSettings to update RPCs.
UnityEngine.StackTraceUtility:ExtractStackTrace () (at /Users/bokken/buildslave/unity/build/Runtime/Export/Scripting/StackTrace.cs:37)
UnityEngine.DebugLogHandler:LogFormat (UnityEngine.LogType,UnityEngine.Object,string,object[])
UnityEngine.Logger:Log (UnityEngine.LogType,object)
UnityEngine.Debug:LogError (object)
Photon.Pun.PhotonEditor:UpdateRpcList () (at Assets/Photon/PhotonUnityNetworking/Code/Editor/PhotonEditor.cs:661)
Photon.Pun.PhotonEditor:OnDidReloadScripts () (at Assets/Photon/PhotonUnityNetworking/Code/Editor/PhotonEditor.cs:187)

(Filename: Assets/Photon/PhotonUnityNetworking/Code/Editor/PhotonEditor.cs Line: 661)

- Completed reload, in  1.477 seconds
Domain Reload Profiling:
	ReloadAssembly (1478ms)
		BeginReloadAssembly (162ms)
			ExecutionOrderSort (0ms)
			DisableScriptedObjects (8ms)
			BackupInstance (0ms)
			ReleaseScriptingObjects (0ms)
			CreateAndSetChildDomain (91ms)
		EndReloadAssembly (1232ms)
			LoadAssemblies (93ms)
			RebuildTransferFunctionScriptingTraits (0ms)
			SetupTypeCache (456ms)
			ReleaseScriptCaches (1ms)
			RebuildScriptCaches (66ms)
			SetupLoadedEditorAssemblies (445ms)
				LogAssemblyErrors (0ms)
				InitializePlatformSupportModulesInManaged (8ms)
				SetLoadedEditorAssemblies (1ms)
				RefreshPlugins (1ms)
				BeforeProcessingInitializeOnLoad (153ms)
				ProcessInitializeOnLoadAttributes (275ms)
				ProcessInitializeOnLoadMethodAttributes (7ms)
				AfterProcessingInitializeOnLoad (2ms)
				EditorAssembliesLoaded (0ms)
			ExecutionOrderSort2 (0ms)
			AwakeInstancesAfterBackupRestoration (16ms)
Platform modules already initialized, skipping
Refreshing native plugins compatible for Editor in 0.62 ms, found 3 plugins.
Preloading 0 native plugins for Editor in 0.00 ms.
Unloading 2295 Unused Serialized files (Serialized files now loaded: 0)
System memory in use before: 216.4 MB.
System memory in use after: 216.6 MB.

Unloading 19 unused Assets to reduce memory usage. Loaded Objects now: 2796.
Total: 3.729987 ms (FindLiveObjects: 0.267441 ms CreateObjectMapping: 0.101460 ms MarkObjects: 3.319099 ms  DeleteObjects: 0.040967 ms)

AssetImportParameters requested are different than current active one (requested -> active):
  custom:video-decoder-ogg-theora: a1e56fd34408186e4bbccfd4996cb3dc -> 
  custom:container-muxer-webm: aa71ff27fc2769a1b78a27578f13a17b -> 
  custom:container-demuxer-webm: 4f35f7cbe854078d1ac9338744f61a02 -> 
  custom:container-demuxer-ogg: 62fdf1f143b41e24485cea50d1cbac27 -> 
  custom:video-encoder-webm-vp8: eb34c28f22e8b96e1ab97ce403110664 -> 
  custom:framework-osx-AVFoundation: e770b220cccbd017edd2c1fefb359320 -> 
  custom:video-decoder-webm-vp8: 9c59270c3fd7afecdb556c50c9e8de78 -> 
  custom:audio-decoder-ogg-vorbis: bf7c407c2cedff20999df2af8eb42d56 -> 
  custom:audio-encoder-webm-vorbis: bf7c407c2cedff20999df2af8eb42d56 -> 
========================================================================
Received Import Request.
  Time since last request: 124.986717 seconds.
  path: Assets/Scripts/ConnectToServer.cs
  artifactKey: Guid(09d5557608c97401f83bf9a979d6782c) Importer(815301076,1909f56bfc062723c751e8b465ee728b)
Start importing Assets/Scripts/ConnectToServer.cs using Guid(09d5557608c97401f83bf9a979d6782c) Importer(815301076,1909f56bfc062723c751e8b465ee728b)  -> (artifact id: 'b9fd425b26fb7deb365b7c9443784156') in 0.009212 seconds 
  Import took 0.013229 seconds .

========================================================================
Received Import Request.
  Time since last request: 10.625689 seconds.
  path: Assets/Scripts/CreateAndJoinRooms.cs
  artifactKey: Guid(c170d7e384b2b444ba0c8d2a1bad5559) Importer(815301076,1909f56bfc062723c751e8b465ee728b)
Start importing Assets/Scripts/CreateAndJoinRooms.cs using Guid(c170d7e384b2b444ba0c8d2a1bad5559) Importer(815301076,1909f56bfc062723c751e8b465ee728b)  -> (artifact id: '53bb5bc2a53311a7397604a96e715b90') in 0.005879 seconds 
  Import took 0.010059 seconds .

========================================================================
Received Prepare
Registering precompiled user dll's ...
Registered in 0.002238 seconds.
Begin MonoManager ReloadAssembly
Native extension for WindowsStandalone target not found
Native extension for OSXStandalone target not found
Native extension for WebGL target not found
Refreshing native plugins compatible for Editor in 0.64 ms, found 3 plugins.
Preloading 0 native plugins for Editor in 0.00 ms.
Mono: successfully reloaded assembly
Could not load PhotonServerSettings to update RPCs.
UnityEngine.StackTraceUtility:ExtractStackTrace () (at /Users/bokken/buildslave/unity/build/Runtime/Export/Scripting/StackTrace.cs:37)
UnityEngine.DebugLogHandler:LogFormat (UnityEngine.LogType,UnityEngine.Object,string,object[])
UnityEngine.Logger:Log (UnityEngine.LogType,object)
UnityEngine.Debug:LogError (object)
Photon.Pun.PhotonEditor:UpdateRpcList () (at Assets/Photon/PhotonUnityNetworking/Code/Editor/PhotonEditor.cs:661)
Photon.Pun.PhotonEditor:OnDidReloadScripts () (at Assets/Photon/PhotonUnityNetworking/Code/Editor/PhotonEditor.cs:187)

(Filename: Assets/Photon/PhotonUnityNetworking/Code/Editor/PhotonEditor.cs Line: 661)

- Completed reload, in  1.439 seconds
Domain Reload Profiling:
	ReloadAssembly (1439ms)
		BeginReloadAssembly (161ms)
			ExecutionOrderSort (0ms)
			DisableScriptedObjects (8ms)
			BackupInstance (0ms)
			ReleaseScriptingObjects (0ms)
			CreateAndSetChildDomain (89ms)
		EndReloadAssembly (1195ms)
			LoadAssemblies (94ms)
			RebuildTransferFunctionScriptingTraits (0ms)
			SetupTypeCache (454ms)
			ReleaseScriptCaches (1ms)
			RebuildScriptCaches (66ms)
			SetupLoadedEditorAssemblies (423ms)
				LogAssemblyErrors (0ms)
				InitializePlatformSupportModulesInManaged (7ms)
				SetLoadedEditorAssemblies (1ms)
				RefreshPlugins (1ms)
				BeforeProcessingInitializeOnLoad (148ms)
				ProcessInitializeOnLoadAttributes (258ms)
				ProcessInitializeOnLoadMethodAttributes (6ms)
				AfterProcessingInitializeOnLoad (2ms)
				EditorAssembliesLoaded (0ms)
			ExecutionOrderSort2 (0ms)
			AwakeInstancesAfterBackupRestoration (13ms)
Platform modules already initialized, skipping
Refreshing native plugins compatible for Editor in 0.57 ms, found 3 plugins.
Preloading 0 native plugins for Editor in 0.00 ms.
Unloading 2295 Unused Serialized files (Serialized files now loaded: 0)
System memory in use before: 216.7 MB.
System memory in use after: 216.9 MB.

Unloading 19 unused Assets to reduce memory usage. Loaded Objects now: 2799.
Total: 4.559192 ms (FindLiveObjects: 0.377856 ms CreateObjectMapping: 0.213452 ms MarkObjects: 3.937549 ms  DeleteObjects: 0.029006 ms)

AssetImportParameters requested are different than current active one (requested -> active):
  custom:video-decoder-ogg-theora: a1e56fd34408186e4bbccfd4996cb3dc -> 
  custom:container-muxer-webm: aa71ff27fc2769a1b78a27578f13a17b -> 
  custom:container-demuxer-webm: 4f35f7cbe854078d1ac9338744f61a02 -> 
  custom:container-demuxer-ogg: 62fdf1f143b41e24485cea50d1cbac27 -> 
  custom:video-encoder-webm-vp8: eb34c28f22e8b96e1ab97ce403110664 -> 
  custom:framework-osx-AVFoundation: e770b220cccbd017edd2c1fefb359320 -> 
  custom:video-decoder-webm-vp8: 9c59270c3fd7afecdb556c50c9e8de78 -> 
  custom:audio-decoder-ogg-vorbis: bf7c407c2cedff20999df2af8eb42d56 -> 
  custom:audio-encoder-webm-vorbis: bf7c407c2cedff20999df2af8eb42d56 -> 
========================================================================
Received Import Request.
  Time since last request: 360.349055 seconds.
  path: Assets/Scripts/CreateAndJoinRooms.cs
  artifactKey: Guid(c170d7e384b2b444ba0c8d2a1bad5559) Importer(815301076,1909f56bfc062723c751e8b465ee728b)
Start importing Assets/Scripts/CreateAndJoinRooms.cs using Guid(c170d7e384b2b444ba0c8d2a1bad5559) Importer(815301076,1909f56bfc062723c751e8b465ee728b)  -> (artifact id: 'bec458c142d1f0b734e85b14315765a3') in 0.007825 seconds 
  Import took 0.011824 seconds .

========================================================================
Received Import Request.
  Time since last request: 67.236524 seconds.
  path: Assets/Scenes/Loading.unity
  artifactKey: Guid(6c2ef031284224b178cd91dc28f30576) Importer(815301076,1909f56bfc062723c751e8b465ee728b)
Start importing Assets/Scenes/Loading.unity using Guid(6c2ef031284224b178cd91dc28f30576) Importer(815301076,1909f56bfc062723c751e8b465ee728b)  -> (artifact id: 'f6aafba410e40d17e340bde6abaa0b4d') in 0.013457 seconds 
  Import took 0.018415 seconds .

========================================================================
Received Import Request.
  Time since last request: 282.056723 seconds.
  path: Assets/Resources
  artifactKey: Guid(6f1bace63e91e481980c1c371f6cd7e8) Importer(815301076,1909f56bfc062723c751e8b465ee728b)
Start importing Assets/Resources using Guid(6f1bace63e91e481980c1c371f6cd7e8) Importer(815301076,1909f56bfc062723c751e8b465ee728b)  -> (artifact id: 'aff135ae9106a65ecd2136cdf5f43e52') in 0.001904 seconds 
  Import took 0.007133 seconds .

========================================================================
Received Import Request.
  Time since last request: 4.072948 seconds.
  path: Assets/Resources/Player.prefab
  artifactKey: Guid(d584ecb3b85df43afb2b5be9562fbd7c) Importer(815301076,1909f56bfc062723c751e8b465ee728b)
Start importing Assets/Resources/Player.prefab using Guid(d584ecb3b85df43afb2b5be9562fbd7c) Importer(815301076,1909f56bfc062723c751e8b465ee728b)  -> (artifact id: '6227ebe95ef7364e7aae277510d8a34c') in 0.072697 seconds 
  Import took 0.078338 seconds .

========================================================================
Received Import Request.
  Time since last request: 8.517173 seconds.
  path: Assets/Scenes/Lobby.unity
  artifactKey: Guid(6964f4595a6324c5ba365728e3739068) Importer(815301076,1909f56bfc062723c751e8b465ee728b)
Start importing Assets/Scenes/Lobby.unity using Guid(6964f4595a6324c5ba365728e3739068) Importer(815301076,1909f56bfc062723c751e8b465ee728b)  -> (artifact id: '290ebb8174b4b1d680fe11e2357e1a69') in 0.003300 seconds 
  Import took 0.008238 seconds .

========================================================================
Received Prepare
Registering precompiled user dll's ...
Registered in 0.001908 seconds.
Begin MonoManager ReloadAssembly
Native extension for WindowsStandalone target not found
Native extension for OSXStandalone target not found
Native extension for WebGL target not found
Refreshing native plugins compatible for Editor in 0.66 ms, found 3 plugins.
Preloading 0 native plugins for Editor in 0.00 ms.
Mono: successfully reloaded assembly
Could not load PhotonServerSettings to update RPCs.
UnityEngine.StackTraceUtility:ExtractStackTrace () (at /Users/bokken/buildslave/unity/build/Runtime/Export/Scripting/StackTrace.cs:37)
UnityEngine.DebugLogHandler:LogFormat (UnityEngine.LogType,UnityEngine.Object,string,object[])
UnityEngine.Logger:Log (UnityEngine.LogType,object)
UnityEngine.Debug:LogError (object)
Photon.Pun.PhotonEditor:UpdateRpcList () (at Assets/Photon/PhotonUnityNetworking/Code/Editor/PhotonEditor.cs:661)
Photon.Pun.PhotonEditor:OnDidReloadScripts () (at Assets/Photon/PhotonUnityNetworking/Code/Editor/PhotonEditor.cs:187)

(Filename: Assets/Photon/PhotonUnityNetworking/Code/Editor/PhotonEditor.cs Line: 661)

- Completed reload, in  1.499 seconds
Domain Reload Profiling:
	ReloadAssembly (1500ms)
		BeginReloadAssembly (169ms)
			ExecutionOrderSort (0ms)
			DisableScriptedObjects (8ms)
			BackupInstance (0ms)
			ReleaseScriptingObjects (0ms)
			CreateAndSetChildDomain (96ms)
		EndReloadAssembly (1244ms)
			LoadAssemblies (96ms)
			RebuildTransferFunctionScriptingTraits (0ms)
			SetupTypeCache (467ms)
			ReleaseScriptCaches (1ms)
			RebuildScriptCaches (68ms)
			SetupLoadedEditorAssemblies (442ms)
				LogAssemblyErrors (0ms)
				InitializePlatformSupportModulesInManaged (8ms)
				SetLoadedEditorAssemblies (1ms)
				RefreshPlugins (1ms)
				BeforeProcessingInitializeOnLoad (154ms)
				ProcessInitializeOnLoadAttributes (271ms)
				ProcessInitializeOnLoadMethodAttributes (7ms)
				AfterProcessingInitializeOnLoad (2ms)
				EditorAssembliesLoaded (0ms)
			ExecutionOrderSort2 (0ms)
			AwakeInstancesAfterBackupRestoration (14ms)
Platform modules already initialized, skipping
Refreshing native plugins compatible for Editor in 0.73 ms, found 3 plugins.
Preloading 0 native plugins for Editor in 0.00 ms.
Unloading 2295 Unused Serialized files (Serialized files now loaded: 0)
System memory in use before: 217.1 MB.
System memory in use after: 217.3 MB.

Unloading 19 unused Assets to reduce memory usage. Loaded Objects now: 2808.
Total: 4.348048 ms (FindLiveObjects: 0.409186 ms CreateObjectMapping: 0.236695 ms MarkObjects: 3.675332 ms  DeleteObjects: 0.025830 ms)

AssetImportParameters requested are different than current active one (requested -> active):
  custom:video-decoder-ogg-theora: a1e56fd34408186e4bbccfd4996cb3dc -> 
  custom:container-muxer-webm: aa71ff27fc2769a1b78a27578f13a17b -> 
  custom:container-demuxer-webm: 4f35f7cbe854078d1ac9338744f61a02 -> 
  custom:container-demuxer-ogg: 62fdf1f143b41e24485cea50d1cbac27 -> 
  custom:video-encoder-webm-vp8: eb34c28f22e8b96e1ab97ce403110664 -> 
  custom:framework-osx-AVFoundation: e770b220cccbd017edd2c1fefb359320 -> 
  custom:video-decoder-webm-vp8: 9c59270c3fd7afecdb556c50c9e8de78 -> 
  custom:audio-decoder-ogg-vorbis: bf7c407c2cedff20999df2af8eb42d56 -> 
  custom:audio-encoder-webm-vorbis: bf7c407c2cedff20999df2af8eb42d56 -> 
========================================================================
Received Import Request.
  Time since last request: 117.170403 seconds.
  path: Assets/Scenes/Lobby.unity
  artifactKey: Guid(6964f4595a6324c5ba365728e3739068) Importer(815301076,1909f56bfc062723c751e8b465ee728b)
Start importing Assets/Scenes/Lobby.unity using Guid(6964f4595a6324c5ba365728e3739068) Importer(815301076,1909f56bfc062723c751e8b465ee728b)  -> (artifact id: 'c09a9e439c3c3e1d86dc4878fc8849db') in 0.016764 seconds 
  Import took 0.021796 seconds .

========================================================================
Received Import Request.
  Time since last request: 19.323654 seconds.
  path: Assets/Scenes/Lobby.unity
  artifactKey: Guid(6964f4595a6324c5ba365728e3739068) Importer(815301076,1909f56bfc062723c751e8b465ee728b)
Start importing Assets/Scenes/Lobby.unity using Guid(6964f4595a6324c5ba365728e3739068) Importer(815301076,1909f56bfc062723c751e8b465ee728b)  -> (artifact id: '9de7ce93dd5f63c62cbc8bf2c3ceb3cb') in 0.003895 seconds 
  Import took 0.008684 seconds .

========================================================================
Received Import Request.
  Time since last request: 1.017186 seconds.
  path: Assets/Scenes/Loading.unity
  artifactKey: Guid(6c2ef031284224b178cd91dc28f30576) Importer(815301076,1909f56bfc062723c751e8b465ee728b)
Start importing Assets/Scenes/Loading.unity using Guid(6c2ef031284224b178cd91dc28f30576) Importer(815301076,1909f56bfc062723c751e8b465ee728b)  -> (artifact id: '3dc52d371d1e8ece4562d8109b0c6e9d') in 0.003759 seconds 
  Import took 0.009013 seconds .

========================================================================
Received Import Request.
  Time since last request: 0.557749 seconds.
  path: Assets/Scenes/Game.unity
  artifactKey: Guid(c5150e2526e0b46f795d889c305509ca) Importer(815301076,1909f56bfc062723c751e8b465ee728b)
Start importing Assets/Scenes/Game.unity using Guid(c5150e2526e0b46f795d889c305509ca) Importer(815301076,1909f56bfc062723c751e8b465ee728b)  -> (artifact id: '399b9e86648d2ea55a30bb25c040916c') in 0.003777 seconds 
  Import took 0.008399 seconds .

========================================================================
Received Prepare
Registering precompiled user dll's ...
Registered in 0.002084 seconds.
Begin MonoManager ReloadAssembly
Native extension for WindowsStandalone target not found
Native extension for OSXStandalone target not found
Native extension for WebGL target not found
Refreshing native plugins compatible for Editor in 0.61 ms, found 3 plugins.
Preloading 0 native plugins for Editor in 0.00 ms.
Mono: successfully reloaded assembly
Could not load PhotonServerSettings to update RPCs.
UnityEngine.StackTraceUtility:ExtractStackTrace () (at /Users/bokken/buildslave/unity/build/Runtime/Export/Scripting/StackTrace.cs:37)
UnityEngine.DebugLogHandler:LogFormat (UnityEngine.LogType,UnityEngine.Object,string,object[])
UnityEngine.Logger:Log (UnityEngine.LogType,object)
UnityEngine.Debug:LogError (object)
Photon.Pun.PhotonEditor:UpdateRpcList () (at Assets/Photon/PhotonUnityNetworking/Code/Editor/PhotonEditor.cs:661)
Photon.Pun.PhotonEditor:OnDidReloadScripts () (at Assets/Photon/PhotonUnityNetworking/Code/Editor/PhotonEditor.cs:187)

(Filename: Assets/Photon/PhotonUnityNetworking/Code/Editor/PhotonEditor.cs Line: 661)

- Completed reload, in  1.491 seconds
Domain Reload Profiling:
	ReloadAssembly (1491ms)
		BeginReloadAssembly (166ms)
			ExecutionOrderSort (0ms)
			DisableScriptedObjects (8ms)
			BackupInstance (0ms)
			ReleaseScriptingObjects (0ms)
			CreateAndSetChildDomain (91ms)
		EndReloadAssembly (1241ms)
			LoadAssemblies (94ms)
			RebuildTransferFunctionScriptingTraits (0ms)
			SetupTypeCache (455ms)
			ReleaseScriptCaches (1ms)
			RebuildScriptCaches (72ms)
			SetupLoadedEditorAssemblies (454ms)
				LogAssemblyErrors (0ms)
				InitializePlatformSupportModulesInManaged (9ms)
				SetLoadedEditorAssemblies (1ms)
				RefreshPlugins (1ms)
				BeforeProcessingInitializeOnLoad (155ms)
				ProcessInitializeOnLoadAttributes (280ms)
				ProcessInitializeOnLoadMethodAttributes (7ms)
				AfterProcessingInitializeOnLoad (2ms)
				EditorAssembliesLoaded (0ms)
			ExecutionOrderSort2 (0ms)
			AwakeInstancesAfterBackupRestoration (15ms)
Platform modules already initialized, skipping
Refreshing native plugins compatible for Editor in 0.51 ms, found 3 plugins.
Preloading 0 native plugins for Editor in 0.00 ms.
Unloading 2295 Unused Serialized files (Serialized files now loaded: 0)
System memory in use before: 217.3 MB.
System memory in use after: 217.6 MB.

Unloading 19 unused Assets to reduce memory usage. Loaded Objects now: 2811.
Total: 4.571867 ms (FindLiveObjects: 0.348909 ms CreateObjectMapping: 0.200885 ms MarkObjects: 3.997533 ms  DeleteObjects: 0.023485 ms)

AssetImportParameters requested are different than current active one (requested -> active):
  custom:video-decoder-ogg-theora: a1e56fd34408186e4bbccfd4996cb3dc -> 
  custom:container-muxer-webm: aa71ff27fc2769a1b78a27578f13a17b -> 
  custom:container-demuxer-webm: 4f35f7cbe854078d1ac9338744f61a02 -> 
  custom:container-demuxer-ogg: 62fdf1f143b41e24485cea50d1cbac27 -> 
  custom:video-encoder-webm-vp8: eb34c28f22e8b96e1ab97ce403110664 -> 
  custom:framework-osx-AVFoundation: e770b220cccbd017edd2c1fefb359320 -> 
  custom:video-decoder-webm-vp8: 9c59270c3fd7afecdb556c50c9e8de78 -> 
  custom:audio-decoder-ogg-vorbis: bf7c407c2cedff20999df2af8eb42d56 -> 
  custom:audio-encoder-webm-vorbis: bf7c407c2cedff20999df2af8eb42d56 -> 
========================================================================
Received Import Request.
  Time since last request: 92.223210 seconds.
  path: Assets/Scenes/SampleScene.unity
  artifactKey: Guid(2cda990e2423bbf4892e6590ba056729) Importer(815301076,1909f56bfc062723c751e8b465ee728b)
Start importing Assets/Scenes/SampleScene.unity using Guid(2cda990e2423bbf4892e6590ba056729) Importer(815301076,1909f56bfc062723c751e8b465ee728b)  -> (artifact id: 'aa27944bdea339c97c39027c7eea529c') in 0.018187 seconds 
  Import took 0.023333 seconds .

========================================================================
Received Prepare
Registering precompiled user dll's ...
Registered in 0.002035 seconds.
Begin MonoManager ReloadAssembly
Native extension for WindowsStandalone target not found
Native extension for OSXStandalone target not found
Native extension for WebGL target not found
Refreshing native plugins compatible for Editor in 0.61 ms, found 3 plugins.
Preloading 0 native plugins for Editor in 0.00 ms.
Mono: successfully reloaded assembly
Could not load PhotonServerSettings to update RPCs.
UnityEngine.StackTraceUtility:ExtractStackTrace () (at /Users/bokken/buildslave/unity/build/Runtime/Export/Scripting/StackTrace.cs:37)
UnityEngine.DebugLogHandler:LogFormat (UnityEngine.LogType,UnityEngine.Object,string,object[])
UnityEngine.Logger:Log (UnityEngine.LogType,object)
UnityEngine.Debug:LogError (object)
Photon.Pun.PhotonEditor:UpdateRpcList () (at Assets/Photon/PhotonUnityNetworking/Code/Editor/PhotonEditor.cs:661)
Photon.Pun.PhotonEditor:OnDidReloadScripts () (at Assets/Photon/PhotonUnityNetworking/Code/Editor/PhotonEditor.cs:187)

(Filename: Assets/Photon/PhotonUnityNetworking/Code/Editor/PhotonEditor.cs Line: 661)

- Completed reload, in  1.470 seconds
Domain Reload Profiling:
	ReloadAssembly (1471ms)
		BeginReloadAssembly (160ms)
			ExecutionOrderSort (0ms)
			DisableScriptedObjects (8ms)
			BackupInstance (0ms)
			ReleaseScriptingObjects (0ms)
			CreateAndSetChildDomain (92ms)
		EndReloadAssembly (1230ms)
			LoadAssemblies (88ms)
			RebuildTransferFunctionScriptingTraits (0ms)
			SetupTypeCache (425ms)
			ReleaseScriptCaches (1ms)
			RebuildScriptCaches (68ms)
			SetupLoadedEditorAssemblies (454ms)
				LogAssemblyErrors (0ms)
				InitializePlatformSupportModulesInManaged (9ms)
				SetLoadedEditorAssemblies (1ms)
				RefreshPlugins (1ms)
				BeforeProcessingInitializeOnLoad (157ms)
				ProcessInitializeOnLoadAttributes (277ms)
				ProcessInitializeOnLoadMethodAttributes (7ms)
				AfterProcessingInitializeOnLoad (2ms)
				EditorAssembliesLoaded (0ms)
			ExecutionOrderSort2 (0ms)
			AwakeInstancesAfterBackupRestoration (14ms)
Platform modules already initialized, skipping
Refreshing native plugins compatible for Editor in 0.62 ms, found 3 plugins.
Preloading 0 native plugins for Editor in 0.00 ms.
Unloading 2295 Unused Serialized files (Serialized files now loaded: 0)
System memory in use before: 217.6 MB.
System memory in use after: 217.8 MB.

Unloading 19 unused Assets to reduce memory usage. Loaded Objects now: 2814.
Total: 3.998557 ms (FindLiveObjects: 0.232218 ms CreateObjectMapping: 0.102539 ms MarkObjects: 3.635722 ms  DeleteObjects: 0.026985 ms)

AssetImportParameters requested are different than current active one (requested -> active):
  custom:video-decoder-ogg-theora: a1e56fd34408186e4bbccfd4996cb3dc -> 
  custom:container-muxer-webm: aa71ff27fc2769a1b78a27578f13a17b -> 
  custom:container-demuxer-webm: 4f35f7cbe854078d1ac9338744f61a02 -> 
  custom:container-demuxer-ogg: 62fdf1f143b41e24485cea50d1cbac27 -> 
  custom:video-encoder-webm-vp8: eb34c28f22e8b96e1ab97ce403110664 -> 
  custom:framework-osx-AVFoundation: e770b220cccbd017edd2c1fefb359320 -> 
  custom:video-decoder-webm-vp8: 9c59270c3fd7afecdb556c50c9e8de78 -> 
  custom:audio-decoder-ogg-vorbis: bf7c407c2cedff20999df2af8eb42d56 -> 
  custom:audio-encoder-webm-vorbis: bf7c407c2cedff20999df2af8eb42d56 -> 
========================================================================
Received Prepare
Registering precompiled user dll's ...
Registered in 0.002006 seconds.
Begin MonoManager ReloadAssembly
Native extension for WindowsStandalone target not found
Native extension for OSXStandalone target not found
Native extension for WebGL target not found
Refreshing native plugins compatible for Editor in 0.65 ms, found 3 plugins.
Preloading 0 native plugins for Editor in 0.00 ms.
Mono: successfully reloaded assembly
Could not load PhotonServerSettings to update RPCs.
UnityEngine.StackTraceUtility:ExtractStackTrace () (at /Users/bokken/buildslave/unity/build/Runtime/Export/Scripting/StackTrace.cs:37)
UnityEngine.DebugLogHandler:LogFormat (UnityEngine.LogType,UnityEngine.Object,string,object[])
UnityEngine.Logger:Log (UnityEngine.LogType,object)
UnityEngine.Debug:LogError (object)
Photon.Pun.PhotonEditor:UpdateRpcList () (at Assets/Photon/PhotonUnityNetworking/Code/Editor/PhotonEditor.cs:661)
Photon.Pun.PhotonEditor:OnDidReloadScripts () (at Assets/Photon/PhotonUnityNetworking/Code/Editor/PhotonEditor.cs:187)

(Filename: Assets/Photon/PhotonUnityNetworking/Code/Editor/PhotonEditor.cs Line: 661)

- Completed reload, in  1.473 seconds
Domain Reload Profiling:
	ReloadAssembly (1473ms)
		BeginReloadAssembly (163ms)
			ExecutionOrderSort (0ms)
			DisableScriptedObjects (8ms)
			BackupInstance (0ms)
			ReleaseScriptingObjects (0ms)
			CreateAndSetChildDomain (88ms)
		EndReloadAssembly (1229ms)
			LoadAssemblies (96ms)
			RebuildTransferFunctionScriptingTraits (0ms)
			SetupTypeCache (445ms)
			ReleaseScriptCaches (1ms)
			RebuildScriptCaches (66ms)
			SetupLoadedEditorAssemblies (452ms)
				LogAssemblyErrors (0ms)
				InitializePlatformSupportModulesInManaged (8ms)
				SetLoadedEditorAssemblies (1ms)
				RefreshPlugins (1ms)
				BeforeProcessingInitializeOnLoad (157ms)
				ProcessInitializeOnLoadAttributes (278ms)
				ProcessInitializeOnLoadMethodAttributes (7ms)
				AfterProcessingInitializeOnLoad (2ms)
				EditorAssembliesLoaded (0ms)
			ExecutionOrderSort2 (0ms)
			AwakeInstancesAfterBackupRestoration (14ms)
Platform modules already initialized, skipping
Refreshing native plugins compatible for Editor in 0.66 ms, found 3 plugins.
Preloading 0 native plugins for Editor in 0.00 ms.
Unloading 2295 Unused Serialized files (Serialized files now loaded: 0)
System memory in use before: 217.7 MB.
System memory in use after: 217.9 MB.

Unloading 19 unused Assets to reduce memory usage. Loaded Objects now: 2817.
Total: 3.866304 ms (FindLiveObjects: 0.273794 ms CreateObjectMapping: 0.143394 ms MarkObjects: 3.427631 ms  DeleteObjects: 0.020498 ms)

AssetImportParameters requested are different than current active one (requested -> active):
  custom:video-decoder-ogg-theora: a1e56fd34408186e4bbccfd4996cb3dc -> 
  custom:container-muxer-webm: aa71ff27fc2769a1b78a27578f13a17b -> 
  custom:container-demuxer-webm: 4f35f7cbe854078d1ac9338744f61a02 -> 
  custom:container-demuxer-ogg: 62fdf1f143b41e24485cea50d1cbac27 -> 
  custom:video-encoder-webm-vp8: eb34c28f22e8b96e1ab97ce403110664 -> 
  custom:framework-osx-AVFoundation: e770b220cccbd017edd2c1fefb359320 -> 
  custom:video-decoder-webm-vp8: 9c59270c3fd7afecdb556c50c9e8de78 -> 
  custom:audio-decoder-ogg-vorbis: bf7c407c2cedff20999df2af8eb42d56 -> 
  custom:audio-encoder-webm-vorbis: bf7c407c2cedff20999df2af8eb42d56 -> 
========================================================================
Received Import Request.
  Time since last request: 166.613409 seconds.
  path: Assets/Scripts/SpawnPlayers.cs
  artifactKey: Guid(a414d695b65a841e6b3d2c3509ba627a) Importer(815301076,1909f56bfc062723c751e8b465ee728b)
Start importing Assets/Scripts/SpawnPlayers.cs using Guid(a414d695b65a841e6b3d2c3509ba627a) Importer(815301076,1909f56bfc062723c751e8b465ee728b)  -> (artifact id: '9d47bea9cf91f38cbf3aa661759afada') in 0.007728 seconds 
  Import took 0.012721 seconds .

========================================================================
Received Prepare
Registering precompiled user dll's ...
Registered in 0.002856 seconds.
Begin MonoManager ReloadAssembly
Native extension for WindowsStandalone target not found
Native extension for OSXStandalone target not found
Native extension for WebGL target not found
Refreshing native plugins compatible for Editor in 1.06 ms, found 3 plugins.
Preloading 0 native plugins for Editor in 0.00 ms.
Mono: successfully reloaded assembly
Could not load PhotonServerSettings to update RPCs.
UnityEngine.StackTraceUtility:ExtractStackTrace () (at /Users/bokken/buildslave/unity/build/Runtime/Export/Scripting/StackTrace.cs:37)
UnityEngine.DebugLogHandler:LogFormat (UnityEngine.LogType,UnityEngine.Object,string,object[])
UnityEngine.Logger:Log (UnityEngine.LogType,object)
UnityEngine.Debug:LogError (object)
Photon.Pun.PhotonEditor:UpdateRpcList () (at Assets/Photon/PhotonUnityNetworking/Code/Editor/PhotonEditor.cs:661)
Photon.Pun.PhotonEditor:OnDidReloadScripts () (at Assets/Photon/PhotonUnityNetworking/Code/Editor/PhotonEditor.cs:187)

(Filename: Assets/Photon/PhotonUnityNetworking/Code/Editor/PhotonEditor.cs Line: 661)

- Completed reload, in  1.493 seconds
Domain Reload Profiling:
	ReloadAssembly (1494ms)
		BeginReloadAssembly (160ms)
			ExecutionOrderSort (0ms)
			DisableScriptedObjects (7ms)
			BackupInstance (0ms)
			ReleaseScriptingObjects (0ms)
			CreateAndSetChildDomain (88ms)
		EndReloadAssembly (1253ms)
			LoadAssemblies (94ms)
			RebuildTransferFunctionScriptingTraits (0ms)
			SetupTypeCache (441ms)
			ReleaseScriptCaches (1ms)
			RebuildScriptCaches (72ms)
			SetupLoadedEditorAssemblies (456ms)
				LogAssemblyErrors (0ms)
				InitializePlatformSupportModulesInManaged (9ms)
				SetLoadedEditorAssemblies (1ms)
				RefreshPlugins (1ms)
				BeforeProcessingInitializeOnLoad (168ms)
				ProcessInitializeOnLoadAttributes (270ms)
				ProcessInitializeOnLoadMethodAttributes (6ms)
				AfterProcessingInitializeOnLoad (2ms)
				EditorAssembliesLoaded (0ms)
			ExecutionOrderSort2 (0ms)
			AwakeInstancesAfterBackupRestoration (14ms)
Platform modules already initialized, skipping
Refreshing native plugins compatible for Editor in 0.60 ms, found 3 plugins.
Preloading 0 native plugins for Editor in 0.00 ms.
Unloading 2296 Unused Serialized files (Serialized files now loaded: 0)
System memory in use before: 218.0 MB.
System memory in use after: 218.2 MB.

Unloading 19 unused Assets to reduce memory usage. Loaded Objects now: 2821.
Total: 3.998447 ms (FindLiveObjects: 0.268428 ms CreateObjectMapping: 0.099679 ms MarkObjects: 3.605201 ms  DeleteObjects: 0.023619 ms)

AssetImportParameters requested are different than current active one (requested -> active):
  custom:video-decoder-ogg-theora: a1e56fd34408186e4bbccfd4996cb3dc -> 
  custom:container-muxer-webm: aa71ff27fc2769a1b78a27578f13a17b -> 
  custom:container-demuxer-webm: 4f35f7cbe854078d1ac9338744f61a02 -> 
  custom:container-demuxer-ogg: 62fdf1f143b41e24485cea50d1cbac27 -> 
  custom:video-encoder-webm-vp8: eb34c28f22e8b96e1ab97ce403110664 -> 
  custom:framework-osx-AVFoundation: e770b220cccbd017edd2c1fefb359320 -> 
  custom:video-decoder-webm-vp8: 9c59270c3fd7afecdb556c50c9e8de78 -> 
  custom:audio-decoder-ogg-vorbis: bf7c407c2cedff20999df2af8eb42d56 -> 
  custom:audio-encoder-webm-vorbis: bf7c407c2cedff20999df2af8eb42d56 -> 
========================================================================
Received Import Request.
  Time since last request: 269.630099 seconds.
  path: Assets/Scripts/SpawnPlayers.cs
  artifactKey: Guid(a414d695b65a841e6b3d2c3509ba627a) Importer(815301076,1909f56bfc062723c751e8b465ee728b)
Start importing Assets/Scripts/SpawnPlayers.cs using Guid(a414d695b65a841e6b3d2c3509ba627a) Importer(815301076,1909f56bfc062723c751e8b465ee728b)  -> (artifact id: 'dac58667ce952254b5683c546ede85b5') in 0.006212 seconds 
  Import took 0.011834 seconds .

========================================================================
Received Prepare
Registering precompiled user dll's ...
Registered in 0.004437 seconds.
Begin MonoManager ReloadAssembly
Native extension for WindowsStandalone target not found
Native extension for OSXStandalone target not found
Native extension for WebGL target not found
Refreshing native plugins compatible for Editor in 0.60 ms, found 3 plugins.
Preloading 0 native plugins for Editor in 0.00 ms.
Mono: successfully reloaded assembly
Could not load PhotonServerSettings to update RPCs.
UnityEngine.StackTraceUtility:ExtractStackTrace () (at /Users/bokken/buildslave/unity/build/Runtime/Export/Scripting/StackTrace.cs:37)
UnityEngine.DebugLogHandler:LogFormat (UnityEngine.LogType,UnityEngine.Object,string,object[])
UnityEngine.Logger:Log (UnityEngine.LogType,object)
UnityEngine.Debug:LogError (object)
Photon.Pun.PhotonEditor:UpdateRpcList () (at Assets/Photon/PhotonUnityNetworking/Code/Editor/PhotonEditor.cs:661)
Photon.Pun.PhotonEditor:OnDidReloadScripts () (at Assets/Photon/PhotonUnityNetworking/Code/Editor/PhotonEditor.cs:187)

(Filename: Assets/Photon/PhotonUnityNetworking/Code/Editor/PhotonEditor.cs Line: 661)

- Completed reload, in  1.490 seconds
Domain Reload Profiling:
	ReloadAssembly (1491ms)
		BeginReloadAssembly (167ms)
			ExecutionOrderSort (0ms)
			DisableScriptedObjects (8ms)
			BackupInstance (0ms)
			ReleaseScriptingObjects (0ms)
			CreateAndSetChildDomain (93ms)
		EndReloadAssembly (1241ms)
			LoadAssemblies (96ms)
			RebuildTransferFunctionScriptingTraits (0ms)
			SetupTypeCache (459ms)
			ReleaseScriptCaches (1ms)
			RebuildScriptCaches (70ms)
			SetupLoadedEditorAssemblies (452ms)
				LogAssemblyErrors (0ms)
				InitializePlatformSupportModulesInManaged (8ms)
				SetLoadedEditorAssemblies (1ms)
				RefreshPlugins (1ms)
				BeforeProcessingInitializeOnLoad (156ms)
				ProcessInitializeOnLoadAttributes (279ms)
				ProcessInitializeOnLoadMethodAttributes (7ms)
				AfterProcessingInitializeOnLoad (2ms)
				EditorAssembliesLoaded (0ms)
			ExecutionOrderSort2 (0ms)
			AwakeInstancesAfterBackupRestoration (14ms)
Platform modules already initialized, skipping
Refreshing native plugins compatible for Editor in 0.59 ms, found 3 plugins.
Preloading 0 native plugins for Editor in 0.00 ms.
Unloading 2296 Unused Serialized files (Serialized files now loaded: 0)
System memory in use before: 218.2 MB.
System memory in use after: 218.5 MB.

Unloading 19 unused Assets to reduce memory usage. Loaded Objects now: 2824.
Total: 4.211271 ms (FindLiveObjects: 0.316148 ms CreateObjectMapping: 0.204860 ms MarkObjects: 3.666888 ms  DeleteObjects: 0.022576 ms)

AssetImportParameters requested are different than current active one (requested -> active):
  custom:video-decoder-ogg-theora: a1e56fd34408186e4bbccfd4996cb3dc -> 
  custom:container-muxer-webm: aa71ff27fc2769a1b78a27578f13a17b -> 
  custom:container-demuxer-webm: 4f35f7cbe854078d1ac9338744f61a02 -> 
  custom:container-demuxer-ogg: 62fdf1f143b41e24485cea50d1cbac27 -> 
  custom:video-encoder-webm-vp8: eb34c28f22e8b96e1ab97ce403110664 -> 
  custom:framework-osx-AVFoundation: e770b220cccbd017edd2c1fefb359320 -> 
  custom:video-decoder-webm-vp8: 9c59270c3fd7afecdb556c50c9e8de78 -> 
  custom:audio-decoder-ogg-vorbis: bf7c407c2cedff20999df2af8eb42d56 -> 
  custom:audio-encoder-webm-vorbis: bf7c407c2cedff20999df2af8eb42d56 -> 
========================================================================
Received Prepare
Registering precompiled user dll's ...
Registered in 0.002192 seconds.
Begin MonoManager ReloadAssembly
Native extension for WindowsStandalone target not found
Native extension for OSXStandalone target not found
Native extension for WebGL target not found
Refreshing native plugins compatible for Editor in 0.60 ms, found 3 plugins.
Preloading 0 native plugins for Editor in 0.00 ms.
Mono: successfully reloaded assembly
Could not load PhotonServerSettings to update RPCs.
UnityEngine.StackTraceUtility:ExtractStackTrace () (at /Users/bokken/buildslave/unity/build/Runtime/Export/Scripting/StackTrace.cs:37)
UnityEngine.DebugLogHandler:LogFormat (UnityEngine.LogType,UnityEngine.Object,string,object[])
UnityEngine.Logger:Log (UnityEngine.LogType,object)
UnityEngine.Debug:LogError (object)
Photon.Pun.PhotonEditor:UpdateRpcList () (at Assets/Photon/PhotonUnityNetworking/Code/Editor/PhotonEditor.cs:661)
Photon.Pun.PhotonEditor:OnDidReloadScripts () (at Assets/Photon/PhotonUnityNetworking/Code/Editor/PhotonEditor.cs:187)

(Filename: Assets/Photon/PhotonUnityNetworking/Code/Editor/PhotonEditor.cs Line: 661)

- Completed reload, in  1.539 seconds
Domain Reload Profiling:
	ReloadAssembly (1540ms)
		BeginReloadAssembly (173ms)
			ExecutionOrderSort (0ms)
			DisableScriptedObjects (8ms)
			BackupInstance (0ms)
			ReleaseScriptingObjects (0ms)
			CreateAndSetChildDomain (90ms)
		EndReloadAssembly (1278ms)
			LoadAssemblies (107ms)
			RebuildTransferFunctionScriptingTraits (0ms)
			SetupTypeCache (481ms)
			ReleaseScriptCaches (2ms)
			RebuildScriptCaches (73ms)
			SetupLoadedEditorAssemblies (446ms)
				LogAssemblyErrors (0ms)
				InitializePlatformSupportModulesInManaged (8ms)
				SetLoadedEditorAssemblies (1ms)
				RefreshPlugins (1ms)
				BeforeProcessingInitializeOnLoad (158ms)
				ProcessInitializeOnLoadAttributes (269ms)
				ProcessInitializeOnLoadMethodAttributes (7ms)
				AfterProcessingInitializeOnLoad (2ms)
				EditorAssembliesLoaded (0ms)
			ExecutionOrderSort2 (0ms)
			AwakeInstancesAfterBackupRestoration (15ms)
Platform modules already initialized, skipping
Refreshing native plugins compatible for Editor in 0.64 ms, found 3 plugins.
Preloading 0 native plugins for Editor in 0.00 ms.
Unloading 2296 Unused Serialized files (Serialized files now loaded: 0)
System memory in use before: 218.4 MB.
System memory in use after: 218.7 MB.

Unloading 19 unused Assets to reduce memory usage. Loaded Objects now: 2827.
Total: 4.718497 ms (FindLiveObjects: 0.543161 ms CreateObjectMapping: 0.152648 ms MarkObjects: 3.995851 ms  DeleteObjects: 0.025387 ms)

AssetImportParameters requested are different than current active one (requested -> active):
  custom:video-decoder-ogg-theora: a1e56fd34408186e4bbccfd4996cb3dc -> 
  custom:container-muxer-webm: aa71ff27fc2769a1b78a27578f13a17b -> 
  custom:container-demuxer-webm: 4f35f7cbe854078d1ac9338744f61a02 -> 
  custom:container-demuxer-ogg: 62fdf1f143b41e24485cea50d1cbac27 -> 
  custom:video-encoder-webm-vp8: eb34c28f22e8b96e1ab97ce403110664 -> 
  custom:framework-osx-AVFoundation: e770b220cccbd017edd2c1fefb359320 -> 
  custom:video-decoder-webm-vp8: 9c59270c3fd7afecdb556c50c9e8de78 -> 
  custom:audio-decoder-ogg-vorbis: bf7c407c2cedff20999df2af8eb42d56 -> 
  custom:audio-encoder-webm-vorbis: bf7c407c2cedff20999df2af8eb42d56 -> 
========================================================================
Received Prepare
Registering precompiled user dll's ...
Registered in 0.002285 seconds.
Begin MonoManager ReloadAssembly
Native extension for WindowsStandalone target not found
Native extension for OSXStandalone target not found
Native extension for WebGL target not found
Refreshing native plugins compatible for Editor in 0.75 ms, found 3 plugins.
Preloading 0 native plugins for Editor in 0.00 ms.
Mono: successfully reloaded assembly
Could not load PhotonServerSettings to update RPCs.
UnityEngine.StackTraceUtility:ExtractStackTrace () (at /Users/bokken/buildslave/unity/build/Runtime/Export/Scripting/StackTrace.cs:37)
UnityEngine.DebugLogHandler:LogFormat (UnityEngine.LogType,UnityEngine.Object,string,object[])
UnityEngine.Logger:Log (UnityEngine.LogType,object)
UnityEngine.Debug:LogError (object)
Photon.Pun.PhotonEditor:UpdateRpcList () (at Assets/Photon/PhotonUnityNetworking/Code/Editor/PhotonEditor.cs:661)
Photon.Pun.PhotonEditor:OnDidReloadScripts () (at Assets/Photon/PhotonUnityNetworking/Code/Editor/PhotonEditor.cs:187)

(Filename: Assets/Photon/PhotonUnityNetworking/Code/Editor/PhotonEditor.cs Line: 661)

- Completed reload, in  1.443 seconds
Domain Reload Profiling:
	ReloadAssembly (1443ms)
		BeginReloadAssembly (166ms)
			ExecutionOrderSort (0ms)
			DisableScriptedObjects (8ms)
			BackupInstance (0ms)
			ReleaseScriptingObjects (0ms)
			CreateAndSetChildDomain (92ms)
		EndReloadAssembly (1193ms)
			LoadAssemblies (96ms)
			RebuildTransferFunctionScriptingTraits (0ms)
			SetupTypeCache (459ms)
			ReleaseScriptCaches (1ms)
			RebuildScriptCaches (64ms)
			SetupLoadedEditorAssemblies (418ms)
				LogAssemblyErrors (0ms)
				InitializePlatformSupportModulesInManaged (8ms)
				SetLoadedEditorAssemblies (1ms)
				RefreshPlugins (1ms)
				BeforeProcessingInitializeOnLoad (148ms)
				ProcessInitializeOnLoadAttributes (252ms)
				ProcessInitializeOnLoadMethodAttributes (6ms)
				AfterProcessingInitializeOnLoad (2ms)
				EditorAssembliesLoaded (0ms)
			ExecutionOrderSort2 (0ms)
			AwakeInstancesAfterBackupRestoration (13ms)
Platform modules already initialized, skipping
Refreshing native plugins compatible for Editor in 0.54 ms, found 3 plugins.
Preloading 0 native plugins for Editor in 0.00 ms.
Unloading 2296 Unused Serialized files (Serialized files now loaded: 0)
System memory in use before: 218.6 MB.
System memory in use after: 218.9 MB.

Unloading 19 unused Assets to reduce memory usage. Loaded Objects now: 2830.
Total: 4.070860 ms (FindLiveObjects: 0.320288 ms CreateObjectMapping: 0.206225 ms MarkObjects: 3.521315 ms  DeleteObjects: 0.022042 ms)

AssetImportParameters requested are different than current active one (requested -> active):
  custom:video-decoder-ogg-theora: a1e56fd34408186e4bbccfd4996cb3dc -> 
  custom:container-muxer-webm: aa71ff27fc2769a1b78a27578f13a17b -> 
  custom:container-demuxer-webm: 4f35f7cbe854078d1ac9338744f61a02 -> 
  custom:container-demuxer-ogg: 62fdf1f143b41e24485cea50d1cbac27 -> 
  custom:video-encoder-webm-vp8: eb34c28f22e8b96e1ab97ce403110664 -> 
  custom:framework-osx-AVFoundation: e770b220cccbd017edd2c1fefb359320 -> 
  custom:video-decoder-webm-vp8: 9c59270c3fd7afecdb556c50c9e8de78 -> 
  custom:audio-decoder-ogg-vorbis: bf7c407c2cedff20999df2af8eb42d56 -> 
  custom:audio-encoder-webm-vorbis: bf7c407c2cedff20999df2af8eb42d56 -> 
========================================================================
Received Import Request.
  Time since last request: 187.225658 seconds.
  path: Assets/Scenes/Lobby.unity
  artifactKey: Guid(6964f4595a6324c5ba365728e3739068) Importer(815301076,1909f56bfc062723c751e8b465ee728b)
Start importing Assets/Scenes/Lobby.unity using Guid(6964f4595a6324c5ba365728e3739068) Importer(815301076,1909f56bfc062723c751e8b465ee728b)  -> (artifact id: '50f0bd474ccfbbc4ad15c43b10627146') in 0.016439 seconds 
  Import took 0.021453 seconds .

========================================================================
Received Prepare
Registering precompiled user dll's ...
Registered in 0.002086 seconds.
Begin MonoManager ReloadAssembly
Native extension for WindowsStandalone target not found
Native extension for OSXStandalone target not found
Native extension for WebGL target not found
Refreshing native plugins compatible for Editor in 0.90 ms, found 3 plugins.
Preloading 0 native plugins for Editor in 0.00 ms.
Mono: successfully reloaded assembly
Could not load PhotonServerSettings to update RPCs.
UnityEngine.StackTraceUtility:ExtractStackTrace () (at /Users/bokken/buildslave/unity/build/Runtime/Export/Scripting/StackTrace.cs:37)
UnityEngine.DebugLogHandler:LogFormat (UnityEngine.LogType,UnityEngine.Object,string,object[])
UnityEngine.Logger:Log (UnityEngine.LogType,object)
UnityEngine.Debug:LogError (object)
Photon.Pun.PhotonEditor:UpdateRpcList () (at Assets/Photon/PhotonUnityNetworking/Code/Editor/PhotonEditor.cs:661)
Photon.Pun.PhotonEditor:OnDidReloadScripts () (at Assets/Photon/PhotonUnityNetworking/Code/Editor/PhotonEditor.cs:187)

(Filename: Assets/Photon/PhotonUnityNetworking/Code/Editor/PhotonEditor.cs Line: 661)

- Completed reload, in  1.496 seconds
Domain Reload Profiling:
	ReloadAssembly (1496ms)
		BeginReloadAssembly (164ms)
			ExecutionOrderSort (0ms)
			DisableScriptedObjects (8ms)
			BackupInstance (0ms)
			ReleaseScriptingObjects (0ms)
			CreateAndSetChildDomain (90ms)
		EndReloadAssembly (1248ms)
			LoadAssemblies (93ms)
			RebuildTransferFunctionScriptingTraits (0ms)
			SetupTypeCache (455ms)
			ReleaseScriptCaches (1ms)
			RebuildScriptCaches (70ms)
			SetupLoadedEditorAssemblies (458ms)
				LogAssemblyErrors (0ms)
				InitializePlatformSupportModulesInManaged (9ms)
				SetLoadedEditorAssemblies (1ms)
				RefreshPlugins (1ms)
				BeforeProcessingInitializeOnLoad (160ms)
				ProcessInitializeOnLoadAttributes (280ms)
				ProcessInitializeOnLoadMethodAttributes (7ms)
				AfterProcessingInitializeOnLoad (2ms)
				EditorAssembliesLoaded (0ms)
			ExecutionOrderSort2 (0ms)
			AwakeInstancesAfterBackupRestoration (14ms)
Platform modules already initialized, skipping
Refreshing native plugins compatible for Editor in 0.57 ms, found 3 plugins.
Preloading 0 native plugins for Editor in 0.00 ms.
Unloading 2296 Unused Serialized files (Serialized files now loaded: 0)
System memory in use before: 218.8 MB.
System memory in use after: 219.0 MB.

Unloading 19 unused Assets to reduce memory usage. Loaded Objects now: 2833.
Total: 3.864247 ms (FindLiveObjects: 0.268245 ms CreateObjectMapping: 0.109474 ms MarkObjects: 3.463886 ms  DeleteObjects: 0.021581 ms)

AssetImportParameters requested are different than current active one (requested -> active):
  custom:video-decoder-ogg-theora: a1e56fd34408186e4bbccfd4996cb3dc -> 
  custom:container-muxer-webm: aa71ff27fc2769a1b78a27578f13a17b -> 
  custom:container-demuxer-webm: 4f35f7cbe854078d1ac9338744f61a02 -> 
  custom:container-demuxer-ogg: 62fdf1f143b41e24485cea50d1cbac27 -> 
  custom:video-encoder-webm-vp8: eb34c28f22e8b96e1ab97ce403110664 -> 
  custom:framework-osx-AVFoundation: e770b220cccbd017edd2c1fefb359320 -> 
  custom:video-decoder-webm-vp8: 9c59270c3fd7afecdb556c50c9e8de78 -> 
  custom:audio-decoder-ogg-vorbis: bf7c407c2cedff20999df2af8eb42d56 -> 
  custom:audio-encoder-webm-vorbis: bf7c407c2cedff20999df2af8eb42d56 -> 
